2022-01-24  9:03:30 0 [Note] InnoDB: Mutexes and rw_locks use Windows interlocked functions
2022-01-24  9:03:30 0 [Note] InnoDB: Uses event mutexes
2022-01-24  9:03:30 0 [Note] InnoDB: Compressed tables use zlib 1.2.11
2022-01-24  9:03:30 0 [Note] InnoDB: Number of pools: 1
2022-01-24  9:03:30 0 [Note] InnoDB: Using SSE2 crc32 instructions
2022-01-24  9:03:30 0 [Note] InnoDB: Initializing buffer pool, total size = 16M, instances = 1, chunk size = 16M
2022-01-24  9:03:30 0 [Note] InnoDB: Completed initialization of buffer pool
2022-01-24  9:03:30 0 [Note] InnoDB: Starting crash recovery from checkpoint LSN=300288
2022-01-24  9:03:30 0 [Note] InnoDB: 128 out of 128 rollback segments are active.
2022-01-24  9:03:30 0 [Note] InnoDB: Removed temporary tablespace data file: "ibtmp1"
2022-01-24  9:03:30 0 [Note] InnoDB: Creating shared tablespace for temporary tables
2022-01-24  9:03:30 0 [Note] InnoDB: Setting file 'C:\xamp\mysql\data\ibtmp1' size to 12 MB. Physically writing the file full; Please wait ...
2022-01-24  9:03:30 0 [Note] InnoDB: File 'C:\xamp\mysql\data\ibtmp1' size is now 12 MB.
2022-01-24  9:03:30 0 [Note] InnoDB: Waiting for purge to start
2022-01-24  9:03:30 0 [Note] InnoDB: 10.4.22 started; log sequence number 300297; transaction id 170
2022-01-24  9:03:30 0 [Note] InnoDB: Loading buffer pool(s) from C:\xamp\mysql\data\ib_buffer_pool
2022-01-24  9:03:30 0 [Note] Plugin 'FEEDBACK' is disabled.
2022-01-24  9:03:30 0 [Note] InnoDB: Buffer pool(s) load completed at 220124  9:03:30
2022-01-24  9:03:30 0 [Note] Server socket created on IP: '::'.
2022-01-25  9:22:45 0 [Note] InnoDB: Mutexes and rw_locks use Windows interlocked functions
2022-01-25  9:22:45 0 [Note] InnoDB: Uses event mutexes
2022-01-25  9:22:45 0 [Note] InnoDB: Compressed tables use zlib 1.2.11
2022-01-25  9:22:45 0 [Note] InnoDB: Number of pools: 1
2022-01-25  9:22:45 0 [Note] InnoDB: Using SSE2 crc32 instructions
2022-01-25  9:22:45 0 [Note] InnoDB: Initializing buffer pool, total size = 16M, instances = 1, chunk size = 16M
2022-01-25  9:22:45 0 [Note] InnoDB: Completed initialization of buffer pool
2022-01-25  9:22:45 0 [Note] InnoDB: Starting crash recovery from checkpoint LSN=1698612
2022-01-25  9:22:46 0 [Note] InnoDB: 128 out of 128 rollback segments are active.
2022-01-25  9:22:46 0 [Note] InnoDB: Removed temporary tablespace data file: "ibtmp1"
2022-01-25  9:22:46 0 [Note] InnoDB: Creating shared tablespace for temporary tables
2022-01-25  9:22:46 0 [Note] InnoDB: Setting file 'C:\xamp\mysql\data\ibtmp1' size to 12 MB. Physically writing the file full; Please wait ...
2022-01-25  9:22:46 0 [Note] InnoDB: File 'C:\xamp\mysql\data\ibtmp1' size is now 12 MB.
2022-01-25  9:22:46 0 [Note] InnoDB: Waiting for purge to start
2022-01-25  9:22:46 0 [Note] InnoDB: 10.4.22 started; log sequence number 1698621; transaction id 1015
2022-01-25  9:22:46 0 [Note] InnoDB: Loading buffer pool(s) from C:\xamp\mysql\data\ib_buffer_pool
2022-01-25  9:22:46 0 [Note] Plugin 'FEEDBACK' is disabled.
2022-01-25  9:22:46 0 [Note] InnoDB: Buffer pool(s) load completed at 220125  9:22:46
2022-01-25  9:22:46 0 [Note] Server socket created on IP: '::'.
